16-Aug-2024 10:07:57.127 INFO [main] org.apache.catalina.startup.VersionLoggerListener.log Server version name:   Apache Tomcat/9.0.87
16-Aug-2024 10:07:57.133 INFO [main] org.apache.catalina.startup.VersionLoggerListener.log Server built:          Mar 11 2024 10:12:34 UTC
16-Aug-2024 10:07:57.134 INFO [main] org.apache.catalina.startup.VersionLoggerListener.log Server version number: 9.0.87.0
16-Aug-2024 10:07:57.135 INFO [main] org.apache.catalina.startup.VersionLoggerListener.log OS Name:               Windows 11
16-Aug-2024 10:07:57.135 INFO [main] org.apache.catalina.startup.VersionLoggerListener.log OS Version:            10.0
16-Aug-2024 10:07:57.135 INFO [main] org.apache.catalina.startup.VersionLoggerListener.log Architecture:          amd64
16-Aug-2024 10:07:57.135 INFO [main] org.apache.catalina.startup.VersionLoggerListener.log Java Home:             C:\Program Files\Java\jdk-17
16-Aug-2024 10:07:57.135 INFO [main] org.apache.catalina.startup.VersionLoggerListener.log JVM Version:           17.0.12+8-LTS-286
16-Aug-2024 10:07:57.135 INFO [main] org.apache.catalina.startup.VersionLoggerListener.log JVM Vendor:            Oracle Corporation
16-Aug-2024 10:07:57.136 INFO [main] org.apache.catalina.startup.VersionLoggerListener.log CATALINA_BASE:         C:\Users\Asus\OneDrive\Desktop\Java Interview\Development\Projects\Electronic Health Care Management System\Medi Care\Medicare Backend\src\main\java\com\medicare\medicare
16-Aug-2024 10:07:57.136 INFO [main] org.apache.catalina.startup.VersionLoggerListener.log CATALINA_HOME:         D:\apache-tomcat-9.0.87
16-Aug-2024 10:07:57.151 INFO [main] org.apache.catalina.startup.VersionLoggerListener.log Command line argument: --add-opens=java.base/java.lang=ALL-UNNAMED
16-Aug-2024 10:07:57.152 INFO [main] org.apache.catalina.startup.VersionLoggerListener.log Command line argument: --add-opens=java.base/java.io=ALL-UNNAMED
16-Aug-2024 10:07:57.152 INFO [main] org.apache.catalina.startup.VersionLoggerListener.log Command line argument: --add-opens=java.base/java.util=ALL-UNNAMED
16-Aug-2024 10:07:57.152 INFO [main] org.apache.catalina.startup.VersionLoggerListener.log Command line argument: --add-opens=java.base/java.util.concurrent=ALL-UNNAMED
16-Aug-2024 10:07:57.152 INFO [main] org.apache.catalina.startup.VersionLoggerListener.log Command line argument: --add-opens=java.rmi/sun.rmi.transport=ALL-UNNAMED
16-Aug-2024 10:07:57.152 INFO [main] org.apache.catalina.startup.VersionLoggerListener.log Command line argument: -Dcatalina.home=D:\apache-tomcat-9.0.87
16-Aug-2024 10:07:57.152 INFO [main] org.apache.catalina.startup.VersionLoggerListener.log Command line argument: -Dcatalina.base=C:\Users\Asus\OneDrive\Desktop\Java Interview\Development\Projects\Electronic Health Care Management System\Medi Care\Medicare Backend\src\main\java\com\medicare\medicare
16-Aug-2024 10:07:57.152 INFO [main] org.apache.catalina.startup.VersionLoggerListener.log Command line argument: -Djava.io.tmpdir=C:\Users\Asus\OneDrive\Desktop\Java Interview\Development\Projects\Electronic Health Care Management System\Medi Care\Medicare Backend\src\main\java\com\medicare\medicare\temp
16-Aug-2024 10:07:57.153 INFO [main] org.apache.catalina.startup.VersionLoggerListener.log Command line argument: -Djava.util.logging.config.file=C:\Users\Asus\OneDrive\Desktop\Java Interview\Development\Projects\Electronic Health Care Management System\Medi Care\Medicare Backend\src\main\java\com\medicare\medicare\conf\logging.properties
16-Aug-2024 10:07:57.153 INFO [main] org.apache.catalina.startup.VersionLoggerListener.log Command line argument: -Djava.util.logging.manager=org.apache.juli.ClassLoaderLogManager
16-Aug-2024 10:07:57.153 INFO [main] org.apache.catalina.startup.VersionLoggerListener.log Command line argument: -javaagent:C:\Users\Asus\AppData\Local\Programs\IntelliJ IDEA Community Edition\lib\idea_rt.jar=51380:C:\Users\Asus\AppData\Local\Programs\IntelliJ IDEA Community Edition\bin
16-Aug-2024 10:07:57.153 INFO [main] org.apache.catalina.startup.VersionLoggerListener.log Command line argument: -Dfile.encoding=UTF-8
16-Aug-2024 10:07:57.767 INFO [main] org.apache.catalina.core.AprLifecycleListener.lifecycleEvent Loaded Apache Tomcat Native library [1.3.0] using APR version [1.7.4].
16-Aug-2024 10:07:57.768 INFO [main] org.apache.catalina.core.AprLifecycleListener.lifecycleEvent APR capabilities: IPv6 [true], sendfile [true], accept filters [false], random [true], UDS [true].
16-Aug-2024 10:07:57.768 INFO [main] org.apache.catalina.core.AprLifecycleListener.lifecycleEvent APR/OpenSSL configuration: useAprConnector [false], useOpenSSL [true]
16-Aug-2024 10:07:57.778 INFO [main] org.apache.catalina.core.AprLifecycleListener.initializeSSL OpenSSL successfully initialized [OpenSSL 3.0.13 30 Jan 2024]
16-Aug-2024 10:07:58.136 INFO [main] org.apache.coyote.AbstractProtocol.init Initializing ProtocolHandler ["http-nio-8080"]
16-Aug-2024 10:07:58.149 SEVERE [main] org.apache.catalina.util.LifecycleBase.handleSubClassException Failed to initialize component [Connector["http-nio-8080"]]
	org.apache.catalina.LifecycleException: Protocol handler initialization failed
		at org.apache.catalina.connector.Connector.initInternal(Connector.java:1011)
		at org.apache.catalina.util.LifecycleBase.init(LifecycleBase.java:127)
		at org.apache.catalina.core.StandardService.initInternal(StandardService.java:554)
		at org.apache.catalina.util.LifecycleBase.init(LifecycleBase.java:127)
		at org.apache.catalina.core.StandardServer.initInternal(StandardServer.java:1046)
		at org.apache.catalina.util.LifecycleBase.init(LifecycleBase.java:127)
		at org.apache.catalina.startup.Catalina.load(Catalina.java:686)
		at org.apache.catalina.startup.Catalina.load(Catalina.java:709)
		at java.base/jdk.internal.reflect.NativeMethodAccessorImpl.invoke0(Native Method)
		at java.base/jdk.internal.reflect.NativeMethodAccessorImpl.invoke(NativeMethodAccessorImpl.java:77)
		at java.base/jdk.internal.reflect.DelegatingMethodAccessorImpl.invoke(DelegatingMethodAccessorImpl.java:43)
		at java.base/java.lang.reflect.Method.invoke(Method.java:568)
		at org.apache.catalina.startup.Bootstrap.load(Bootstrap.java:302)
		at org.apache.catalina.startup.Bootstrap.main(Bootstrap.java:472)
	Caused by: java.net.BindException: Address already in use: bind
		at java.base/sun.nio.ch.Net.bind0(Native Method)
		at java.base/sun.nio.ch.Net.bind(Net.java:555)
		at java.base/sun.nio.ch.ServerSocketChannelImpl.netBind(ServerSocketChannelImpl.java:337)
		at java.base/sun.nio.ch.ServerSocketChannelImpl.bind(ServerSocketChannelImpl.java:294)
		at org.apache.tomcat.util.net.NioEndpoint.initServerSocket(NioEndpoint.java:268)
		at org.apache.tomcat.util.net.NioEndpoint.bind(NioEndpoint.java:223)
		at org.apache.tomcat.util.net.AbstractEndpoint.bindWithCleanup(AbstractEndpoint.java:1334)
		at org.apache.tomcat.util.net.AbstractEndpoint.init(AbstractEndpoint.java:1347)
		at org.apache.coyote.AbstractProtocol.init(AbstractProtocol.java:654)
		at org.apache.coyote.http11.AbstractHttp11Protocol.init(AbstractHttp11Protocol.java:75)
		at org.apache.catalina.connector.Connector.initInternal(Connector.java:1009)
		... 13 more
16-Aug-2024 10:07:58.150 INFO [main] org.apache.catalina.startup.Catalina.load Server initialization in [1402] milliseconds
16-Aug-2024 10:07:58.224 INFO [main] org.apache.catalina.core.StandardService.startInternal Starting service [Catalina]
16-Aug-2024 10:07:58.224 INFO [main] org.apache.catalina.core.StandardEngine.startInternal Starting Servlet engine: [Apache Tomcat/9.0.87]
16-Aug-2024 10:07:58.247 INFO [main] org.apache.catalina.startup.HostConfig.deployDescriptor Deploying deployment descriptor [C:\Users\Asus\OneDrive\Desktop\Java Interview\Development\Projects\Electronic Health Care Management System\Medi Care\Medicare Backend\src\main\java\com\medicare\medicare\conf\Catalina\localhost\medicare.xml]
16-Aug-2024 10:07:58.774 WARNING [main] org.apache.tomcat.util.descriptor.web.WebXml.setVersion Unknown version string [5.0]. Default version will be used.
16-Aug-2024 10:08:03.826 INFO [main] org.apache.jasper.servlet.TldScanner.scanJars At least one JAR was scanned for TLDs yet contained no TLDs. Enable debug logging for this logger for a complete list of JARs that were scanned but no TLDs were found in them. Skipping unneeded JARs during scanning can improve startup time and JSP compilation time.
16-Aug-2024 10:08:03.931 INFO [main] org.apache.catalina.startup.HostConfig.deployDescriptor Deployment of deployment descriptor [C:\Users\Asus\OneDrive\Desktop\Java Interview\Development\Projects\Electronic Health Care Management System\Medi Care\Medicare Backend\src\main\java\com\medicare\medicare\conf\Catalina\localhost\medicare.xml] has finished in [5,683] ms
16-Aug-2024 10:08:03.935 INFO [main] org.apache.catalina.startup.Catalina.start Server startup in [5785] milliseconds
16-Aug-2024 10:09:13.545 INFO [Thread-1] org.apache.coyote.AbstractProtocol.pause Pausing ProtocolHandler ["http-nio-8080"]
16-Aug-2024 10:09:13.546 INFO [Thread-1] org.apache.catalina.core.StandardService.stopInternal Stopping service [Catalina]
16-Aug-2024 10:09:13.570 INFO [Thread-1] org.apache.coyote.AbstractProtocol.stop Stopping ProtocolHandler ["http-nio-8080"]
16-Aug-2024 10:09:13.573 INFO [Thread-1] org.apache.coyote.AbstractProtocol.destroy Destroying ProtocolHandler ["http-nio-8080"]
16-Aug-2024 10:09:20.016 INFO [main] org.apache.catalina.startup.VersionLoggerListener.log Server version name:   Apache Tomcat/9.0.87
16-Aug-2024 10:09:20.023 INFO [main] org.apache.catalina.startup.VersionLoggerListener.log Server built:          Mar 11 2024 10:12:34 UTC
16-Aug-2024 10:09:20.023 INFO [main] org.apache.catalina.startup.VersionLoggerListener.log Server version number: 9.0.87.0
16-Aug-2024 10:09:20.023 INFO [main] org.apache.catalina.startup.VersionLoggerListener.log OS Name:               Windows 11
16-Aug-2024 10:09:20.023 INFO [main] org.apache.catalina.startup.VersionLoggerListener.log OS Version:            10.0
16-Aug-2024 10:09:20.024 INFO [main] org.apache.catalina.startup.VersionLoggerListener.log Architecture:          amd64
16-Aug-2024 10:09:20.024 INFO [main] org.apache.catalina.startup.VersionLoggerListener.log Java Home:             C:\Program Files\Java\jdk-17
16-Aug-2024 10:09:20.024 INFO [main] org.apache.catalina.startup.VersionLoggerListener.log JVM Version:           17.0.12+8-LTS-286
16-Aug-2024 10:09:20.024 INFO [main] org.apache.catalina.startup.VersionLoggerListener.log JVM Vendor:            Oracle Corporation
16-Aug-2024 10:09:20.024 INFO [main] org.apache.catalina.startup.VersionLoggerListener.log CATALINA_BASE:         C:\Users\Asus\OneDrive\Desktop\Java Interview\Development\Projects\Electronic Health Care Management System\Medi Care\Medicare Backend\src\main\java\com\medicare\medicare
16-Aug-2024 10:09:20.024 INFO [main] org.apache.catalina.startup.VersionLoggerListener.log CATALINA_HOME:         D:\apache-tomcat-9.0.87
16-Aug-2024 10:09:20.039 INFO [main] org.apache.catalina.startup.VersionLoggerListener.log Command line argument: --add-opens=java.base/java.lang=ALL-UNNAMED
16-Aug-2024 10:09:20.039 INFO [main] org.apache.catalina.startup.VersionLoggerListener.log Command line argument: --add-opens=java.base/java.io=ALL-UNNAMED
16-Aug-2024 10:09:20.039 INFO [main] org.apache.catalina.startup.VersionLoggerListener.log Command line argument: --add-opens=java.base/java.util=ALL-UNNAMED
16-Aug-2024 10:09:20.039 INFO [main] org.apache.catalina.startup.VersionLoggerListener.log Command line argument: --add-opens=java.base/java.util.concurrent=ALL-UNNAMED
16-Aug-2024 10:09:20.039 INFO [main] org.apache.catalina.startup.VersionLoggerListener.log Command line argument: --add-opens=java.rmi/sun.rmi.transport=ALL-UNNAMED
16-Aug-2024 10:09:20.039 INFO [main] org.apache.catalina.startup.VersionLoggerListener.log Command line argument: -Dcatalina.home=D:\apache-tomcat-9.0.87
16-Aug-2024 10:09:20.039 INFO [main] org.apache.catalina.startup.VersionLoggerListener.log Command line argument: -Dcatalina.base=C:\Users\Asus\OneDrive\Desktop\Java Interview\Development\Projects\Electronic Health Care Management System\Medi Care\Medicare Backend\src\main\java\com\medicare\medicare
16-Aug-2024 10:09:20.039 INFO [main] org.apache.catalina.startup.VersionLoggerListener.log Command line argument: -Djava.io.tmpdir=C:\Users\Asus\OneDrive\Desktop\Java Interview\Development\Projects\Electronic Health Care Management System\Medi Care\Medicare Backend\src\main\java\com\medicare\medicare\temp
16-Aug-2024 10:09:20.040 INFO [main] org.apache.catalina.startup.VersionLoggerListener.log Command line argument: -Djava.util.logging.config.file=C:\Users\Asus\OneDrive\Desktop\Java Interview\Development\Projects\Electronic Health Care Management System\Medi Care\Medicare Backend\src\main\java\com\medicare\medicare\conf\logging.properties
16-Aug-2024 10:09:20.040 INFO [main] org.apache.catalina.startup.VersionLoggerListener.log Command line argument: -Djava.util.logging.manager=org.apache.juli.ClassLoaderLogManager
16-Aug-2024 10:09:20.040 INFO [main] org.apache.catalina.startup.VersionLoggerListener.log Command line argument: -javaagent:C:\Users\Asus\AppData\Local\Programs\IntelliJ IDEA Community Edition\lib\idea_rt.jar=51791:C:\Users\Asus\AppData\Local\Programs\IntelliJ IDEA Community Edition\bin
16-Aug-2024 10:09:20.040 INFO [main] org.apache.catalina.startup.VersionLoggerListener.log Command line argument: -Dfile.encoding=UTF-8
16-Aug-2024 10:09:20.046 INFO [main] org.apache.catalina.core.AprLifecycleListener.lifecycleEvent Loaded Apache Tomcat Native library [1.3.0] using APR version [1.7.4].
16-Aug-2024 10:09:20.047 INFO [main] org.apache.catalina.core.AprLifecycleListener.lifecycleEvent APR capabilities: IPv6 [true], sendfile [true], accept filters [false], random [true], UDS [true].
16-Aug-2024 10:09:20.047 INFO [main] org.apache.catalina.core.AprLifecycleListener.lifecycleEvent APR/OpenSSL configuration: useAprConnector [false], useOpenSSL [true]
16-Aug-2024 10:09:20.056 INFO [main] org.apache.catalina.core.AprLifecycleListener.initializeSSL OpenSSL successfully initialized [OpenSSL 3.0.13 30 Jan 2024]
16-Aug-2024 10:09:20.515 INFO [main] org.apache.coyote.AbstractProtocol.init Initializing ProtocolHandler ["http-nio-8080"]
16-Aug-2024 10:09:20.536 SEVERE [main] org.apache.catalina.util.LifecycleBase.handleSubClassException Failed to initialize component [Connector["http-nio-8080"]]
	org.apache.catalina.LifecycleException: Protocol handler initialization failed
		at org.apache.catalina.connector.Connector.initInternal(Connector.java:1011)
		at org.apache.catalina.util.LifecycleBase.init(LifecycleBase.java:127)
		at org.apache.catalina.core.StandardService.initInternal(StandardService.java:554)
		at org.apache.catalina.util.LifecycleBase.init(LifecycleBase.java:127)
		at org.apache.catalina.core.StandardServer.initInternal(StandardServer.java:1046)
		at org.apache.catalina.util.LifecycleBase.init(LifecycleBase.java:127)
		at org.apache.catalina.startup.Catalina.load(Catalina.java:686)
		at org.apache.catalina.startup.Catalina.load(Catalina.java:709)
		at java.base/jdk.internal.reflect.NativeMethodAccessorImpl.invoke0(Native Method)
		at java.base/jdk.internal.reflect.NativeMethodAccessorImpl.invoke(NativeMethodAccessorImpl.java:77)
		at java.base/jdk.internal.reflect.DelegatingMethodAccessorImpl.invoke(DelegatingMethodAccessorImpl.java:43)
		at java.base/java.lang.reflect.Method.invoke(Method.java:568)
		at org.apache.catalina.startup.Bootstrap.load(Bootstrap.java:302)
		at org.apache.catalina.startup.Bootstrap.main(Bootstrap.java:472)
	Caused by: java.net.BindException: Address already in use: bind
		at java.base/sun.nio.ch.Net.bind0(Native Method)
		at java.base/sun.nio.ch.Net.bind(Net.java:555)
		at java.base/sun.nio.ch.ServerSocketChannelImpl.netBind(ServerSocketChannelImpl.java:337)
		at java.base/sun.nio.ch.ServerSocketChannelImpl.bind(ServerSocketChannelImpl.java:294)
		at org.apache.tomcat.util.net.NioEndpoint.initServerSocket(NioEndpoint.java:268)
		at org.apache.tomcat.util.net.NioEndpoint.bind(NioEndpoint.java:223)
		at org.apache.tomcat.util.net.AbstractEndpoint.bindWithCleanup(AbstractEndpoint.java:1334)
		at org.apache.tomcat.util.net.AbstractEndpoint.init(AbstractEndpoint.java:1347)
		at org.apache.coyote.AbstractProtocol.init(AbstractProtocol.java:654)
		at org.apache.coyote.http11.AbstractHttp11Protocol.init(AbstractHttp11Protocol.java:75)
		at org.apache.catalina.connector.Connector.initInternal(Connector.java:1009)
		... 13 more
16-Aug-2024 10:09:20.537 INFO [main] org.apache.catalina.startup.Catalina.load Server initialization in [849] milliseconds
16-Aug-2024 10:09:20.596 INFO [main] org.apache.catalina.core.StandardService.startInternal Starting service [Catalina]
16-Aug-2024 10:09:20.597 INFO [main] org.apache.catalina.core.StandardEngine.startInternal Starting Servlet engine: [Apache Tomcat/9.0.87]
16-Aug-2024 10:09:20.611 INFO [main] org.apache.catalina.startup.HostConfig.deployDescriptor Deploying deployment descriptor [C:\Users\Asus\OneDrive\Desktop\Java Interview\Development\Projects\Electronic Health Care Management System\Medi Care\Medicare Backend\src\main\java\com\medicare\medicare\conf\Catalina\localhost\medicare.xml]
16-Aug-2024 10:09:21.219 WARNING [main] org.apache.tomcat.util.descriptor.web.WebXml.setVersion Unknown version string [5.0]. Default version will be used.
16-Aug-2024 10:09:26.091 INFO [main] org.apache.jasper.servlet.TldScanner.scanJars At least one JAR was scanned for TLDs yet contained no TLDs. Enable debug logging for this logger for a complete list of JARs that were scanned but no TLDs were found in them. Skipping unneeded JARs during scanning can improve startup time and JSP compilation time.
16-Aug-2024 10:09:26.167 INFO [main] org.apache.catalina.startup.HostConfig.deployDescriptor Deployment of deployment descriptor [C:\Users\Asus\OneDrive\Desktop\Java Interview\Development\Projects\Electronic Health Care Management System\Medi Care\Medicare Backend\src\main\java\com\medicare\medicare\conf\Catalina\localhost\medicare.xml] has finished in [5,556] ms
16-Aug-2024 10:09:26.172 INFO [main] org.apache.catalina.startup.Catalina.start Server startup in [5634] milliseconds
16-Aug-2024 10:10:37.183 INFO [Thread-1] org.apache.coyote.AbstractProtocol.pause Pausing ProtocolHandler ["http-nio-8080"]
16-Aug-2024 10:10:37.184 INFO [Thread-1] org.apache.catalina.core.StandardService.stopInternal Stopping service [Catalina]
16-Aug-2024 10:10:37.214 INFO [Thread-1] org.apache.coyote.AbstractProtocol.stop Stopping ProtocolHandler ["http-nio-8080"]
16-Aug-2024 10:10:37.217 INFO [Thread-1] org.apache.coyote.AbstractProtocol.destroy Destroying ProtocolHandler ["http-nio-8080"]
16-Aug-2024 10:10:41.171 INFO [main] org.apache.catalina.startup.VersionLoggerListener.log Server version name:   Apache Tomcat/9.0.87
16-Aug-2024 10:10:41.178 INFO [main] org.apache.catalina.startup.VersionLoggerListener.log Server built:          Mar 11 2024 10:12:34 UTC
16-Aug-2024 10:10:41.179 INFO [main] org.apache.catalina.startup.VersionLoggerListener.log Server version number: 9.0.87.0
16-Aug-2024 10:10:41.179 INFO [main] org.apache.catalina.startup.VersionLoggerListener.log OS Name:               Windows 11
16-Aug-2024 10:10:41.179 INFO [main] org.apache.catalina.startup.VersionLoggerListener.log OS Version:            10.0
16-Aug-2024 10:10:41.179 INFO [main] org.apache.catalina.startup.VersionLoggerListener.log Architecture:          amd64
16-Aug-2024 10:10:41.180 INFO [main] org.apache.catalina.startup.VersionLoggerListener.log Java Home:             C:\Program Files\Java\jdk-17
16-Aug-2024 10:10:41.180 INFO [main] org.apache.catalina.startup.VersionLoggerListener.log JVM Version:           17.0.12+8-LTS-286
16-Aug-2024 10:10:41.180 INFO [main] org.apache.catalina.startup.VersionLoggerListener.log JVM Vendor:            Oracle Corporation
16-Aug-2024 10:10:41.180 INFO [main] org.apache.catalina.startup.VersionLoggerListener.log CATALINA_BASE:         C:\Users\Asus\OneDrive\Desktop\Java Interview\Development\Projects\Electronic Health Care Management System\Medi Care\Medicare Backend\src\main\java\com\medicare\medicare
16-Aug-2024 10:10:41.180 INFO [main] org.apache.catalina.startup.VersionLoggerListener.log CATALINA_HOME:         D:\apache-tomcat-9.0.87
16-Aug-2024 10:10:41.197 INFO [main] org.apache.catalina.startup.VersionLoggerListener.log Command line argument: --add-opens=java.base/java.lang=ALL-UNNAMED
16-Aug-2024 10:10:41.197 INFO [main] org.apache.catalina.startup.VersionLoggerListener.log Command line argument: --add-opens=java.base/java.io=ALL-UNNAMED
16-Aug-2024 10:10:41.197 INFO [main] org.apache.catalina.startup.VersionLoggerListener.log Command line argument: --add-opens=java.base/java.util=ALL-UNNAMED
16-Aug-2024 10:10:41.198 INFO [main] org.apache.catalina.startup.VersionLoggerListener.log Command line argument: --add-opens=java.base/java.util.concurrent=ALL-UNNAMED
16-Aug-2024 10:10:41.198 INFO [main] org.apache.catalina.startup.VersionLoggerListener.log Command line argument: --add-opens=java.rmi/sun.rmi.transport=ALL-UNNAMED
16-Aug-2024 10:10:41.198 INFO [main] org.apache.catalina.startup.VersionLoggerListener.log Command line argument: -Dcatalina.home=D:\apache-tomcat-9.0.87
16-Aug-2024 10:10:41.198 INFO [main] org.apache.catalina.startup.VersionLoggerListener.log Command line argument: -Dcatalina.base=C:\Users\Asus\OneDrive\Desktop\Java Interview\Development\Projects\Electronic Health Care Management System\Medi Care\Medicare Backend\src\main\java\com\medicare\medicare
16-Aug-2024 10:10:41.199 INFO [main] org.apache.catalina.startup.VersionLoggerListener.log Command line argument: -Djava.io.tmpdir=C:\Users\Asus\OneDrive\Desktop\Java Interview\Development\Projects\Electronic Health Care Management System\Medi Care\Medicare Backend\src\main\java\com\medicare\medicare\temp
16-Aug-2024 10:10:41.199 INFO [main] org.apache.catalina.startup.VersionLoggerListener.log Command line argument: -Djava.util.logging.config.file=C:\Users\Asus\OneDrive\Desktop\Java Interview\Development\Projects\Electronic Health Care Management System\Medi Care\Medicare Backend\src\main\java\com\medicare\medicare\conf\logging.properties
16-Aug-2024 10:10:41.199 INFO [main] org.apache.catalina.startup.VersionLoggerListener.log Command line argument: -Djava.util.logging.manager=org.apache.juli.ClassLoaderLogManager
16-Aug-2024 10:10:41.199 INFO [main] org.apache.catalina.startup.VersionLoggerListener.log Command line argument: -javaagent:C:\Users\Asus\AppData\Local\Programs\IntelliJ IDEA Community Edition\lib\idea_rt.jar=52230:C:\Users\Asus\AppData\Local\Programs\IntelliJ IDEA Community Edition\bin
16-Aug-2024 10:10:41.199 INFO [main] org.apache.catalina.startup.VersionLoggerListener.log Command line argument: -Dfile.encoding=UTF-8
16-Aug-2024 10:10:41.207 INFO [main] org.apache.catalina.core.AprLifecycleListener.lifecycleEvent Loaded Apache Tomcat Native library [1.3.0] using APR version [1.7.4].
16-Aug-2024 10:10:41.207 INFO [main] org.apache.catalina.core.AprLifecycleListener.lifecycleEvent APR capabilities: IPv6 [true], sendfile [true], accept filters [false], random [true], UDS [true].
16-Aug-2024 10:10:41.207 INFO [main] org.apache.catalina.core.AprLifecycleListener.lifecycleEvent APR/OpenSSL configuration: useAprConnector [false], useOpenSSL [true]
16-Aug-2024 10:10:41.217 INFO [main] org.apache.catalina.core.AprLifecycleListener.initializeSSL OpenSSL successfully initialized [OpenSSL 3.0.13 30 Jan 2024]
16-Aug-2024 10:10:41.678 INFO [main] org.apache.coyote.AbstractProtocol.init Initializing ProtocolHandler ["http-nio-8088"]
16-Aug-2024 10:10:41.709 INFO [main] org.apache.catalina.startup.Catalina.load Server initialization in [871] milliseconds
16-Aug-2024 10:10:41.783 INFO [main] org.apache.catalina.core.StandardService.startInternal Starting service [Catalina]
16-Aug-2024 10:10:41.783 INFO [main] org.apache.catalina.core.StandardEngine.startInternal Starting Servlet engine: [Apache Tomcat/9.0.87]
16-Aug-2024 10:10:41.801 INFO [main] org.apache.catalina.startup.HostConfig.deployDescriptor Deploying deployment descriptor [C:\Users\Asus\OneDrive\Desktop\Java Interview\Development\Projects\Electronic Health Care Management System\Medi Care\Medicare Backend\src\main\java\com\medicare\medicare\conf\Catalina\localhost\medicare.xml]
16-Aug-2024 10:10:42.586 WARNING [main] org.apache.tomcat.util.descriptor.web.WebXml.setVersion Unknown version string [5.0]. Default version will be used.
16-Aug-2024 10:10:47.741 INFO [main] org.apache.jasper.servlet.TldScanner.scanJars At least one JAR was scanned for TLDs yet contained no TLDs. Enable debug logging for this logger for a complete list of JARs that were scanned but no TLDs were found in them. Skipping unneeded JARs during scanning can improve startup time and JSP compilation time.
16-Aug-2024 10:10:47.856 INFO [main] org.apache.catalina.startup.HostConfig.deployDescriptor Deployment of deployment descriptor [C:\Users\Asus\OneDrive\Desktop\Java Interview\Development\Projects\Electronic Health Care Management System\Medi Care\Medicare Backend\src\main\java\com\medicare\medicare\conf\Catalina\localhost\medicare.xml] has finished in [6,044] ms
16-Aug-2024 10:10:47.860 INFO [main] org.apache.coyote.AbstractProtocol.start Starting ProtocolHandler ["http-nio-8088"]
16-Aug-2024 10:10:47.923 INFO [main] org.apache.catalina.startup.Catalina.start Server startup in [6212] milliseconds
16-Aug-2024 10:11:21.669 INFO [Thread-1] org.apache.coyote.AbstractProtocol.pause Pausing ProtocolHandler ["http-nio-8088"]
16-Aug-2024 10:11:21.678 INFO [Thread-1] org.apache.catalina.core.StandardService.stopInternal Stopping service [Catalina]
16-Aug-2024 10:11:21.699 INFO [Thread-1] org.apache.coyote.AbstractProtocol.stop Stopping ProtocolHandler ["http-nio-8088"]
16-Aug-2024 10:11:21.717 INFO [Thread-1] org.apache.coyote.AbstractProtocol.destroy Destroying ProtocolHandler ["http-nio-8088"]
16-Aug-2024 10:11:25.751 INFO [main] org.apache.catalina.startup.VersionLoggerListener.log Server version name:   Apache Tomcat/9.0.87
16-Aug-2024 10:11:25.758 INFO [main] org.apache.catalina.startup.VersionLoggerListener.log Server built:          Mar 11 2024 10:12:34 UTC
16-Aug-2024 10:11:25.759 INFO [main] org.apache.catalina.startup.VersionLoggerListener.log Server version number: 9.0.87.0
16-Aug-2024 10:11:25.759 INFO [main] org.apache.catalina.startup.VersionLoggerListener.log OS Name:               Windows 11
16-Aug-2024 10:11:25.759 INFO [main] org.apache.catalina.startup.VersionLoggerListener.log OS Version:            10.0
16-Aug-2024 10:11:25.759 INFO [main] org.apache.catalina.startup.VersionLoggerListener.log Architecture:          amd64
16-Aug-2024 10:11:25.760 INFO [main] org.apache.catalina.startup.VersionLoggerListener.log Java Home:             C:\Program Files\Java\jdk-17
16-Aug-2024 10:11:25.760 INFO [main] org.apache.catalina.startup.VersionLoggerListener.log JVM Version:           17.0.12+8-LTS-286
16-Aug-2024 10:11:25.760 INFO [main] org.apache.catalina.startup.VersionLoggerListener.log JVM Vendor:            Oracle Corporation
16-Aug-2024 10:11:25.760 INFO [main] org.apache.catalina.startup.VersionLoggerListener.log CATALINA_BASE:         C:\Users\Asus\OneDrive\Desktop\Java Interview\Development\Projects\Electronic Health Care Management System\Medi Care\Medicare Backend\src\main\java\com\medicare\medicare
16-Aug-2024 10:11:25.760 INFO [main] org.apache.catalina.startup.VersionLoggerListener.log CATALINA_HOME:         D:\apache-tomcat-9.0.87
16-Aug-2024 10:11:25.782 INFO [main] org.apache.catalina.startup.VersionLoggerListener.log Command line argument: --add-opens=java.base/java.lang=ALL-UNNAMED
16-Aug-2024 10:11:25.782 INFO [main] org.apache.catalina.startup.VersionLoggerListener.log Command line argument: --add-opens=java.base/java.io=ALL-UNNAMED
16-Aug-2024 10:11:25.782 INFO [main] org.apache.catalina.startup.VersionLoggerListener.log Command line argument: --add-opens=java.base/java.util=ALL-UNNAMED
16-Aug-2024 10:11:25.782 INFO [main] org.apache.catalina.startup.VersionLoggerListener.log Command line argument: --add-opens=java.base/java.util.concurrent=ALL-UNNAMED
16-Aug-2024 10:11:25.783 INFO [main] org.apache.catalina.startup.VersionLoggerListener.log Command line argument: --add-opens=java.rmi/sun.rmi.transport=ALL-UNNAMED
16-Aug-2024 10:11:25.783 INFO [main] org.apache.catalina.startup.VersionLoggerListener.log Command line argument: -Dcatalina.home=D:\apache-tomcat-9.0.87
16-Aug-2024 10:11:25.783 INFO [main] org.apache.catalina.startup.VersionLoggerListener.log Command line argument: -Dcatalina.base=C:\Users\Asus\OneDrive\Desktop\Java Interview\Development\Projects\Electronic Health Care Management System\Medi Care\Medicare Backend\src\main\java\com\medicare\medicare
16-Aug-2024 10:11:25.783 INFO [main] org.apache.catalina.startup.VersionLoggerListener.log Command line argument: -Djava.io.tmpdir=C:\Users\Asus\OneDrive\Desktop\Java Interview\Development\Projects\Electronic Health Care Management System\Medi Care\Medicare Backend\src\main\java\com\medicare\medicare\temp
16-Aug-2024 10:11:25.783 INFO [main] org.apache.catalina.startup.VersionLoggerListener.log Command line argument: -Djava.util.logging.config.file=C:\Users\Asus\OneDrive\Desktop\Java Interview\Development\Projects\Electronic Health Care Management System\Medi Care\Medicare Backend\src\main\java\com\medicare\medicare\conf\logging.properties
16-Aug-2024 10:11:25.783 INFO [main] org.apache.catalina.startup.VersionLoggerListener.log Command line argument: -Djava.util.logging.manager=org.apache.juli.ClassLoaderLogManager
16-Aug-2024 10:11:25.783 INFO [main] org.apache.catalina.startup.VersionLoggerListener.log Command line argument: -javaagent:C:\Users\Asus\AppData\Local\Programs\IntelliJ IDEA Community Edition\lib\idea_rt.jar=52507:C:\Users\Asus\AppData\Local\Programs\IntelliJ IDEA Community Edition\bin
16-Aug-2024 10:11:25.784 INFO [main] org.apache.catalina.startup.VersionLoggerListener.log Command line argument: -Dfile.encoding=UTF-8
16-Aug-2024 10:11:25.790 INFO [main] org.apache.catalina.core.AprLifecycleListener.lifecycleEvent Loaded Apache Tomcat Native library [1.3.0] using APR version [1.7.4].
16-Aug-2024 10:11:25.790 INFO [main] org.apache.catalina.core.AprLifecycleListener.lifecycleEvent APR capabilities: IPv6 [true], sendfile [true], accept filters [false], random [true], UDS [true].
16-Aug-2024 10:11:25.791 INFO [main] org.apache.catalina.core.AprLifecycleListener.lifecycleEvent APR/OpenSSL configuration: useAprConnector [false], useOpenSSL [true]
16-Aug-2024 10:11:25.800 INFO [main] org.apache.catalina.core.AprLifecycleListener.initializeSSL OpenSSL successfully initialized [OpenSSL 3.0.13 30 Jan 2024]
16-Aug-2024 10:11:26.285 INFO [main] org.apache.coyote.AbstractProtocol.init Initializing ProtocolHandler ["http-nio-8088"]
16-Aug-2024 10:11:26.320 INFO [main] org.apache.catalina.startup.Catalina.load Server initialization in [888] milliseconds
16-Aug-2024 10:11:26.405 INFO [main] org.apache.catalina.core.StandardService.startInternal Starting service [Catalina]
16-Aug-2024 10:11:26.405 INFO [main] org.apache.catalina.core.StandardEngine.startInternal Starting Servlet engine: [Apache Tomcat/9.0.87]
16-Aug-2024 10:11:26.424 INFO [main] org.apache.catalina.startup.HostConfig.deployDescriptor Deploying deployment descriptor [C:\Users\Asus\OneDrive\Desktop\Java Interview\Development\Projects\Electronic Health Care Management System\Medi Care\Medicare Backend\src\main\java\com\medicare\medicare\conf\Catalina\localhost\medicare.xml]
16-Aug-2024 10:11:27.060 WARNING [main] org.apache.tomcat.util.descriptor.web.WebXml.setVersion Unknown version string [5.0]. Default version will be used.
16-Aug-2024 10:11:32.459 INFO [main] org.apache.jasper.servlet.TldScanner.scanJars At least one JAR was scanned for TLDs yet contained no TLDs. Enable debug logging for this logger for a complete list of JARs that were scanned but no TLDs were found in them. Skipping unneeded JARs during scanning can improve startup time and JSP compilation time.
16-Aug-2024 10:11:32.541 INFO [main] org.apache.catalina.startup.HostConfig.deployDescriptor Deployment of deployment descriptor [C:\Users\Asus\OneDrive\Desktop\Java Interview\Development\Projects\Electronic Health Care Management System\Medi Care\Medicare Backend\src\main\java\com\medicare\medicare\conf\Catalina\localhost\medicare.xml] has finished in [6,117] ms
16-Aug-2024 10:11:32.545 INFO [main] org.apache.coyote.AbstractProtocol.start Starting ProtocolHandler ["http-nio-8088"]
16-Aug-2024 10:11:32.588 INFO [main] org.apache.catalina.startup.Catalina.start Server startup in [6267] milliseconds
16-Aug-2024 10:14:03.999 INFO [Thread-1] org.apache.coyote.AbstractProtocol.pause Pausing ProtocolHandler ["http-nio-8088"]
16-Aug-2024 10:14:04.014 INFO [Thread-1] org.apache.catalina.core.StandardService.stopInternal Stopping service [Catalina]
16-Aug-2024 10:14:04.040 INFO [Thread-1] org.apache.coyote.AbstractProtocol.stop Stopping ProtocolHandler ["http-nio-8088"]
16-Aug-2024 10:14:04.046 INFO [Thread-1] org.apache.coyote.AbstractProtocol.destroy Destroying ProtocolHandler ["http-nio-8088"]
